mode: set
pigeon/pigeon/version.go:13.47,16.3 2 0
pigeon/pigeon/version.go:19.13,21.2 1 1
pigeon/pigeon/b32.go:12.36,14.2 1 1
pigeon/pigeon/b32.go:18.37,20.18 2 1
pigeon/pigeon/b32.go:25.2,25.15 1 1
pigeon/pigeon/b32.go:20.18,22.13 2 0
pigeon/pigeon/create.go:13.47,15.3 1 0
pigeon/pigeon/create.go:22.47,24.3 1 0
pigeon/pigeon/create.go:27.13,30.2 2 1
pigeon/pigeon/db.go:7.30,9.16 2 0
pigeon/pigeon/db.go:12.2,21.16 2 0
pigeon/pigeon/db.go:24.2,24.35 1 0
pigeon/pigeon/db.go:27.2,27.12 1 0
pigeon/pigeon/db.go:9.16,11.3 1 0
pigeon/pigeon/db.go:21.16,23.3 1 0
pigeon/pigeon/db.go:24.35,26.3 1 0
pigeon/pigeon/db.go:30.33,32.16 2 0
pigeon/pigeon/db.go:35.2,38.16 2 0
pigeon/pigeon/db.go:41.2,41.35 1 0
pigeon/pigeon/db.go:44.2,44.12 1 0
pigeon/pigeon/db.go:32.16,34.3 1 0
pigeon/pigeon/db.go:38.16,40.3 1 0
pigeon/pigeon/db.go:41.35,43.3 1 0
pigeon/pigeon/root.go:22.47,24.3 1 0
pigeon/pigeon/root.go:29.16,30.42 1 0
pigeon/pigeon/root.go:30.42,33.3 2 0
pigeon/pigeon/root.go:36.13,48.2 3 1
pigeon/pigeon/root.go:51.19,52.19 1 0
pigeon/pigeon/root.go:68.2,71.45 2 0
pigeon/pigeon/root.go:52.19,55.3 1 0
pigeon/pigeon/root.go:55.8,58.17 2 0
pigeon/pigeon/root.go:64.3,65.33 2 0
pigeon/pigeon/root.go:58.17,61.4 2 0
pigeon/pigeon/root.go:71.45,73.3 1 0
pigeon/pigeon/util.go:12.62,14.16 2 0
pigeon/pigeon/util.go:19.2,19.18 1 0
pigeon/pigeon/util.go:14.16,17.3 2 0
pigeon/pigeon/util.go:25.63,29.2 3 0
pigeon/pigeon/util.go:32.27,35.2 2 0
pigeon/pigeon/util.go:39.44,43.21 3 0
pigeon/pigeon/util.go:48.2,48.44 1 0
pigeon/pigeon/util.go:43.21,46.3 2 0
