mode: set
pigeon/pigeon/b32.go:12.36,14.2 1 0
pigeon/pigeon/b32.go:18.37,20.18 2 0
pigeon/pigeon/b32.go:25.2,25.15 1 0
pigeon/pigeon/b32.go:20.18,22.13 2 0
pigeon/pigeon/db.go:10.28,16.16 4 1
pigeon/pigeon/db.go:19.2,19.11 1 1
pigeon/pigeon/db.go:16.16,18.3 1 0
pigeon/pigeon/db.go:36.39,37.44 1 0
pigeon/pigeon/db.go:37.44,39.18 2 0
pigeon/pigeon/db.go:42.3,43.18 2 0
pigeon/pigeon/db.go:46.3,46.13 1 0
pigeon/pigeon/db.go:39.18,41.4 1 0
pigeon/pigeon/db.go:43.18,45.4 1 0
pigeon/pigeon/db.go:51.36,54.29 2 0
pigeon/pigeon/db.go:62.2,62.15 1 0
pigeon/pigeon/db.go:54.29,56.19 2 0
pigeon/pigeon/db.go:59.4,60.14 2 0
pigeon/pigeon/db.go:56.19,58.5 1 0
pigeon/pigeon/util.go:15.62,17.16 2 0
pigeon/pigeon/util.go:22.2,22.18 1 0
pigeon/pigeon/util.go:17.16,20.3 2 0
pigeon/pigeon/util.go:28.63,32.2 3 0
pigeon/pigeon/util.go:35.27,37.2 1 0
pigeon/pigeon/util.go:41.44,44.21 3 0
pigeon/pigeon/util.go:49.2,49.44 1 0
pigeon/pigeon/util.go:44.21,47.3 2 0
